<?xml version="1.0" encoding="UTF-8" ?>
<testsuite tests="1" failures="0" name="io.cloudbeat.cucumber.RunCucumberTest" time="0.005" errors="0" skipped="0">
  <properties>
    <property name="java.runtime.name" value="Java(TM) SE Runtime Environment"/>
    <property name="cucumber.options" value="--glue classpath:io.cloudbeat.cucumber.glue.other --tags @friday"/>
    <property name="sun.boot.library.path" value="C:\Program Files\Java\jdk1.8.0_181\jre\bin"/>
    <property name="java.vm.version" value="25.181-b13"/>
    <property name="java.vm.vendor" value="Oracle Corporation"/>
    <property name="maven.multiModuleProjectDirectory" value="C:\Users\rom\Documents\projects\cb-framework-plugin-cucumber-example"/>
    <property name="java.vendor.url" value="http://java.oracle.com/"/>
    <property name="path.separator" value=";"/>
    <property name="guice.disable.misplaced.annotation.check" value="true"/>
    <property name="java.vm.name" value="Java HotSpot(TM) 64-Bit Server VM"/>
    <property name="file.encoding.pkg" value="sun.io"/>
    <property name="user.script" value=""/>
    <property name="user.country" value="US"/>
    <property name="sun.java.launcher" value="SUN_STANDARD"/>
    <property name="sun.os.patch.level" value=""/>
    <property name="java.vm.specification.name" value="Java Virtual Machine Specification"/>
    <property name="user.dir" value="C:\Users\rom\Documents\projects\cb-framework-plugin-cucumber-example"/>
    <property name="testmonitorurl" value="http://localhost:5002/TestMonitor"/>
    <property name="java.runtime.version" value="1.8.0_181-b13"/>
    <property name="java.awt.graphicsenv" value="sun.awt.Win32GraphicsEnvironment"/>
    <property name="java.endorsed.dirs" value="C:\Program Files\Java\jdk1.8.0_181\jre\lib\endorsed"/>
    <property name="os.arch" value="amd64"/>
    <property name="java.io.tmpdir" value="C:\Users\rom\AppData\Local\Temp\"/>
    <property name="line.separator" value="
"/>
    <property name="java.vm.specification.vendor" value="Oracle Corporation"/>
    <property name="user.variant" value=""/>
    <property name="os.name" value="Windows 10"/>
    <property name="classworlds.conf" value="C:\apache-maven-3.6.0\bin\..\bin\m2.conf"/>
    <property name="sun.jnu.encoding" value="Cp1255"/>
    <property name="java.library.path" value="C:\Program Files\Java\jdk1.8.0_181\bin;C:\Windows\Sun\Java\bin;C:\Windows\system32;C:\Windows;C:\Program Files\Java\jdk1.8.0_181\bin;C:\Program Files (x86)\Common Files\Oracle\Java\javapath;C:\ProgramData\Oracle\Java\javapath;C:\Windows\system32;C:\Windows;C:\Windows\System32\Wbem;C:\Windows\System32\WindowsPowerShell\v1.0\;C:\Program Files\dotnet\;C:\Program Files\Microsoft SQL Server\130\Tools\Binn\;C:\Users\rom\AppData\Roaming\nvm;C:\Program Files\nodejs;C:\Program Files (x86)\GitExtensions\;C:\Program Files\Git\cmd;C:\Users\rom\AppData\Local\Microsoft\WindowsApps;C:\Program Files (x86)\WiX Toolset v3.11\bin;C:\Users\rom\AppData\Local\Android\Sdk\platform-tools;C:\Program Files\MySQL\MySQL Server 5.7\bin;C:\Users\rom\AppData\Roaming\nvm;C:\Program Files\nodejs;C:\Program Files\MySQL\MySQL Server 8.0\bin;C:\Users\rom\AppData\Local\Android\Sdk\build-tools\27.0.3;C:\Users\rom\AppData\Local\Programs\Microsoft VS Code\bin;C:\Program Files\OpenSSL-Win64\bin;C:\apache-maven-3.6.0\bin;C:\Users\rom\.dotnet\tools;."/>
    <property name="maven.conf" value="C:\apache-maven-3.6.0\bin\../conf"/>
    <property name="java.specification.name" value="Java Platform API Specification"/>
    <property name="java.class.version" value="52.0"/>
    <property name="sun.management.compiler" value="HotSpot 64-Bit Tiered Compilers"/>
    <property name="os.version" value="10.0"/>
    <property name="library.jansi.path" value="C:\apache-maven-3.6.0\bin\..\lib\jansi-native"/>
    <property name="user.home" value="C:\Users\rom"/>
    <property name="user.timezone" value="Asia/Jerusalem"/>
    <property name="java.awt.printerjob" value="sun.awt.windows.WPrinterJob"/>
    <property name="java.specification.version" value="1.8"/>
    <property name="file.encoding" value="Cp1255"/>
    <property name="user.name" value="rom"/>
    <property name="java.class.path" value="C:\apache-maven-3.6.0\bin\..\boot\plexus-classworlds-2.5.2.jar"/>
    <property name="java.vm.specification.version" value="1.8"/>
    <property name="sun.arch.data.model" value="64"/>
    <property name="java.home" value="C:\Program Files\Java\jdk1.8.0_181\jre"/>
    <property name="sun.java.command" value="org.codehaus.plexus.classworlds.launcher.Launcher test -Dcucumber.options=--glue classpath:io.cloudbeat.cucumber.glue.other --tags @friday -Dpayloadpath=C:\Users\rom\Desktop\payload4.json -Dtestmonitorurl=http://localhost:5002/TestMonitor -Dtestmonitortoken=eyJhbGciOiJIUzI1NiIsInR5cCI6IkpXVCJ9.eyJzdWIiOiI2ZmI3NWFhMSIsImFnZW50aWQiOiI2ZmI3NWFhMSIsImFnZW50a2V5IjoiNmZiNzVhYTEtYzQxYS00OWQzLWFmODMtZTY5YzRkYzNiMzZjIiwiaXNzIjoiQ2xvdWRCZWF0LlRlc3RDb250cm9sbGVyIiwiYXVkIjoiQ2xvdWRCZWF0LkdhdGV3YXkuVGVzdE1vbml0b3IiLCJpbnN0YW5jZWlkIjoiZmYyMDE3OTE0NzMzNDk2NGI3ZTBmNjk0YTZhOTcxOTUiLCJydW5pZCI6IjUzMDk3NzY0ZTQ3NTQzNmI4OTlmNWExYmJlMTI4OWUzIn0.tOEhlU5-eZM4SP-fgw-AgAqokYpuRymxz_uA3cXz98E"/>
    <property name="testmonitortoken" value="eyJhbGciOiJIUzI1NiIsInR5cCI6IkpXVCJ9.eyJzdWIiOiI2ZmI3NWFhMSIsImFnZW50aWQiOiI2ZmI3NWFhMSIsImFnZW50a2V5IjoiNmZiNzVhYTEtYzQxYS00OWQzLWFmODMtZTY5YzRkYzNiMzZjIiwiaXNzIjoiQ2xvdWRCZWF0LlRlc3RDb250cm9sbGVyIiwiYXVkIjoiQ2xvdWRCZWF0LkdhdGV3YXkuVGVzdE1vbml0b3IiLCJpbnN0YW5jZWlkIjoiZmYyMDE3OTE0NzMzNDk2NGI3ZTBmNjk0YTZhOTcxOTUiLCJydW5pZCI6IjUzMDk3NzY0ZTQ3NTQzNmI4OTlmNWExYmJlMTI4OWUzIn0.tOEhlU5-eZM4SP-fgw-AgAqokYpuRymxz_uA3cXz98E"/>
    <property name="java.specification.vendor" value="Oracle Corporation"/>
    <property name="user.language" value="en"/>
    <property name="awt.toolkit" value="sun.awt.windows.WToolkit"/>
    <property name="java.vm.info" value="mixed mode"/>
    <property name="java.version" value="1.8.0_181"/>
    <property name="java.ext.dirs" value="C:\Program Files\Java\jdk1.8.0_181\jre\lib\ext;C:\Windows\Sun\Java\lib\ext"/>
    <property name="sun.boot.class.path" value="C:\Program Files\Java\jdk1.8.0_181\jre\lib\resources.jar;C:\Program Files\Java\jdk1.8.0_181\jre\lib\rt.jar;C:\Program Files\Java\jdk1.8.0_181\jre\lib\sunrsasign.jar;C:\Program Files\Java\jdk1.8.0_181\jre\lib\jsse.jar;C:\Program Files\Java\jdk1.8.0_181\jre\lib\jce.jar;C:\Program Files\Java\jdk1.8.0_181\jre\lib\charsets.jar;C:\Program Files\Java\jdk1.8.0_181\jre\lib\jfr.jar;C:\Program Files\Java\jdk1.8.0_181\jre\classes"/>
    <property name="sun.stderr.encoding" value="cp862"/>
    <property name="java.vendor" value="Oracle Corporation"/>
    <property name="payloadpath" value="C:\Users\rom\Desktop\payload4.json"/>
    <property name="maven.home" value="C:\apache-maven-3.6.0\bin\.."/>
    <property name="file.separator" value="\"/>
    <property name="java.vendor.url.bug" value="http://bugreport.sun.com/bugreport/"/>
    <property name="sun.cpu.endian" value="little"/>
    <property name="sun.io.unicode.encoding" value="UnicodeLittle"/>
    <property name="sun.stdout.encoding" value="cp862"/>
    <property name="sun.desktop" value="windows"/>
    <property name="sun.cpu.isalist" value="amd64"/>
  </properties>
  <testcase classname="Is it Friday yet?" name="Today is or is not Friday" time="0.005"/>
</testsuite>